2022.04.24 12:18:50 INFO  tracing is disabled for protocol LSP, to enable tracing of incoming and outgoing JSON messages create an empty file at /Users/piotrrudnicki/software_development/projects/akka-autcion-service/.metals/lsp.trace.json or /Users/piotrrudnicki/Library/Caches/org.scalameta.metals/lsp.trace.json[0m
2022.04.24 12:18:51 INFO  logging to file /Users/piotrrudnicki/software_development/projects/akka-autcion-service/.metals/metals.log[0m
2022.04.24 12:18:51 INFO  Started: Metals version 0.11.2 in workspace '/Users/piotrrudnicki/software_development/projects/akka-autcion-service' for client Visual Studio Code 1.66.2.[0m
2022.04.24 12:18:51 INFO  Parse release: 11.0.11[0m
2022.04.24 12:18:54 INFO  time: initialize in 3.09s[0m
2022.04.24 12:18:54 WARN  Build server is not auto-connectable.[0m
2022.04.24 12:18:56 WARN  no build target for: /Users/piotrrudnicki/software_development/projects/akka-autcion-service/build.sbt[0m
Apr 24, 2022 12:18:57 PM org.eclipse.lsp4j.jsonrpc.RemoteEndpoint handleCancellation
WARNING: Unmatched cancel notification for request id 3
2022.04.24 12:19:01 INFO  no build target found for /Users/piotrrudnicki/software_development/projects/akka-autcion-service/build.sbt. Using presentation compiler with project's scala-library version: 3.1.1[0m
2022.04.24 12:19:03 INFO  time: code lens generation in 6.34s[0m
2022.04.24 12:19:04 WARN  no build target for: /Users/piotrrudnicki/software_development/projects/akka-autcion-service/project/plugins.sbt[0m
2022.04.24 12:19:20 WARN  no build target for: /Users/piotrrudnicki/software_development/projects/akka-autcion-service/src/main/scala/io/deamondev/auction/AuctionServiceActor.scala[0m
2022.04.24 12:19:23 INFO  time: code lens generation in 1.77s[0m
2022.04.24 12:19:27 WARN  no build target for: /Users/piotrrudnicki/software_development/projects/akka-autcion-service/src/main/scala/io/deamondev/auction/AuctionServiceServer.scala[0m
2022.04.24 12:19:29 INFO  shutting down Metals[0m
2022.04.24 12:19:29 ERROR Unexpected error initializing server
org.eclipse.lsp4j.jsonrpc.ResponseErrorException: Request window/showMessageRequest failed with message: Canceled
	at org.eclipse.lsp4j.jsonrpc.RemoteEndpoint.handleResponse(RemoteEndpoint.java:209)
	at org.eclipse.lsp4j.jsonrpc.RemoteEndpoint.consume(RemoteEndpoint.java:193)
	at org.eclipse.lsp4j.jsonrpc.json.StreamMessageProducer.handleMessage(StreamMessageProducer.java:194)
	at org.eclipse.lsp4j.jsonrpc.json.StreamMessageProducer.listen(StreamMessageProducer.java:94)
	at org.eclipse.lsp4j.jsonrpc.json.ConcurrentMessageProcessor.run(ConcurrentMessageProcessor.java:113)
	at java.util.concurrent.Executors$RunnableAdapter.call(Executors.java:515)
	at java.util.concurrent.FutureTask.run(FutureTask.java:264)
	at java.util.concurrent.ThreadPoolExecutor.runWorker(ThreadPoolExecutor.java:1128)
	at java.util.concurrent.ThreadPoolExecutor$Worker.run(ThreadPoolExecutor.java:628)
	at java.lang.Thread.run(Thread.java:829)
[0m
